[NX Daemon Server] - 2024-09-10T07:36:18.884Z - Started listening on: \\.\pipe\nx\C:\Users\Wicky\AppData\Local\Temp\289f4f46b823a06d1a4f\d.sock
[NX Daemon Server] - 2024-09-10T07:36:18.888Z - [WATCHER]: Subscribed to changes within: D:\projects\open-api (native)
[NX Daemon Server] - 2024-09-10T07:36:18.896Z - Established a connection. Number of open connections: 1
[NX Daemon Server] - 2024-09-10T07:36:18.899Z - Closed a connection. Number of open connections: 0
[NX Daemon Server] - 2024-09-10T07:36:18.900Z - Established a connection. Number of open connections: 1
[NX Daemon Server] - 2024-09-10T07:36:18.902Z - [REQUEST]: Responding to the client. Shutdown initiated
[NX Daemon Server] - 2024-09-10T07:36:18.904Z - Done responding to the client Shutdown initiated
[NX Daemon Server] - 2024-09-10T07:36:18.911Z - Handled FORCE_SHUTDOWN. Handling time: 0. Response time: 9.
[NX Daemon Server] - 2024-09-10T07:36:18.911Z - Closed a connection. Number of open connections: 0
[NX Daemon Server] - 2024-09-10T07:36:18.911Z - [WATCHER]: Stopping the watcher for D:\projects\open-api (sources)
[NX Daemon Server] - 2024-09-10T07:36:18.912Z - [WATCHER]: Stopping the watcher for D:\projects\open-api (outputs)
[NX Daemon Server] - 2024-09-10T07:53:28.265Z - Started listening on: \\.\pipe\nx\C:\Users\Wicky\AppData\Local\Temp\289f4f46b823a06d1a4f\d.sock
[NX Daemon Server] - 2024-09-10T07:53:28.269Z - [WATCHER]: Subscribed to changes within: D:\projects\open-api (native)
[NX Daemon Server] - 2024-09-10T07:53:28.273Z - Established a connection. Number of open connections: 1
[NX Daemon Server] - 2024-09-10T07:53:28.275Z - Closed a connection. Number of open connections: 0
[NX Daemon Server] - 2024-09-10T07:53:28.275Z - Established a connection. Number of open connections: 1
[NX Daemon Server] - 2024-09-10T07:53:28.278Z - [REQUEST]: Responding to the client. Shutdown initiated
[NX Daemon Server] - 2024-09-10T07:53:28.279Z - Done responding to the client Shutdown initiated
[NX Daemon Server] - 2024-09-10T07:53:28.279Z - Handled FORCE_SHUTDOWN. Handling time: 1. Response time: 1.
[NX Daemon Server] - 2024-09-10T07:53:28.279Z - Closed a connection. Number of open connections: 0
[NX Daemon Server] - 2024-09-10T07:53:28.283Z - [WATCHER]: Stopping the watcher for D:\projects\open-api (sources)
[NX Daemon Server] - 2024-09-10T07:53:28.284Z - [WATCHER]: Stopping the watcher for D:\projects\open-api (outputs)
[NX Daemon Server] - 2024-09-10T07:53:34.136Z - Started listening on: \\.\pipe\nx\C:\Users\Wicky\AppData\Local\Temp\289f4f46b823a06d1a4f\d.sock
[NX Daemon Server] - 2024-09-10T07:53:34.144Z - [WATCHER]: Subscribed to changes within: D:\projects\open-api (native)
[NX Daemon Server] - 2024-09-10T07:53:34.151Z - Established a connection. Number of open connections: 1
[NX Daemon Server] - 2024-09-10T07:53:34.156Z - Closed a connection. Number of open connections: 0
[NX Daemon Server] - 2024-09-10T07:53:34.157Z - Established a connection. Number of open connections: 1
[NX Daemon Server] - 2024-09-10T07:53:34.163Z - [REQUEST]: Responding to the client. Shutdown initiated
[NX Daemon Server] - 2024-09-10T07:53:34.165Z - Done responding to the client Shutdown initiated
[NX Daemon Server] - 2024-09-10T07:53:34.165Z - Handled FORCE_SHUTDOWN. Handling time: 0. Response time: 3.
[NX Daemon Server] - 2024-09-10T07:53:34.165Z - Closed a connection. Number of open connections: 0
[NX Daemon Server] - 2024-09-10T07:53:34.165Z - [WATCHER]: Stopping the watcher for D:\projects\open-api (sources)
[NX Daemon Server] - 2024-09-10T07:53:34.165Z - [WATCHER]: Stopping the watcher for D:\projects\open-api (outputs)
[NX Daemon Server] - 2024-09-10T08:30:14.578Z - Started listening on: \\.\pipe\nx\C:\Users\Wicky\AppData\Local\Temp\289f4f46b823a06d1a4f\d.sock
[NX Daemon Server] - 2024-09-10T08:30:14.583Z - [WATCHER]: Subscribed to changes within: D:\projects\open-api (native)
[NX Daemon Server] - 2024-09-10T08:30:14.586Z - Established a connection. Number of open connections: 1
[NX Daemon Server] - 2024-09-10T08:30:14.589Z - Closed a connection. Number of open connections: 0
[NX Daemon Server] - 2024-09-10T08:30:14.589Z - Established a connection. Number of open connections: 1
[NX Daemon Server] - 2024-09-10T08:30:14.592Z - [REQUEST]: Responding to the client. Shutdown initiated
[NX Daemon Server] - 2024-09-10T08:30:14.594Z - Done responding to the client Shutdown initiated
[NX Daemon Server] - 2024-09-10T08:30:14.594Z - Handled FORCE_SHUTDOWN. Handling time: 0. Response time: 2.
[NX Daemon Server] - 2024-09-10T08:30:14.594Z - Closed a connection. Number of open connections: 0
[NX Daemon Server] - 2024-09-10T08:30:14.595Z - [WATCHER]: Stopping the watcher for D:\projects\open-api (sources)
[NX Daemon Server] - 2024-09-10T08:30:14.597Z - [WATCHER]: Stopping the watcher for D:\projects\open-api (outputs)
[NX Daemon Server] - 2024-09-10T08:30:18.538Z - Started listening on: \\.\pipe\nx\C:\Users\Wicky\AppData\Local\Temp\289f4f46b823a06d1a4f\d.sock
[NX Daemon Server] - 2024-09-10T08:30:18.542Z - [WATCHER]: Subscribed to changes within: D:\projects\open-api (native)
[NX Daemon Server] - 2024-09-10T08:30:18.551Z - Established a connection. Number of open connections: 1
[NX Daemon Server] - 2024-09-10T08:30:18.554Z - Closed a connection. Number of open connections: 0
[NX Daemon Server] - 2024-09-10T08:30:18.555Z - Established a connection. Number of open connections: 1
[NX Daemon Server] - 2024-09-10T08:30:18.558Z - [REQUEST]: Responding to the client. Shutdown initiated
[NX Daemon Server] - 2024-09-10T08:30:18.560Z - Done responding to the client Shutdown initiated
[NX Daemon Server] - 2024-09-10T08:30:18.560Z - Handled FORCE_SHUTDOWN. Handling time: 0. Response time: 2.
[NX Daemon Server] - 2024-09-10T08:30:18.560Z - Closed a connection. Number of open connections: 0
[NX Daemon Server] - 2024-09-10T08:30:18.560Z - [WATCHER]: Stopping the watcher for D:\projects\open-api (sources)
[NX Daemon Server] - 2024-09-10T08:30:18.560Z - [WATCHER]: Stopping the watcher for D:\projects\open-api (outputs)
[NX Daemon Server] - 2024-09-10T08:31:20.657Z - Started listening on: \\.\pipe\nx\C:\Users\Wicky\AppData\Local\Temp\289f4f46b823a06d1a4f\d.sock
[NX Daemon Server] - 2024-09-10T08:31:20.661Z - [WATCHER]: Subscribed to changes within: D:\projects\open-api (native)
[NX Daemon Server] - 2024-09-10T08:31:20.669Z - Established a connection. Number of open connections: 1
[NX Daemon Server] - 2024-09-10T08:31:20.671Z - Closed a connection. Number of open connections: 0
[NX Daemon Server] - 2024-09-10T08:31:20.672Z - Established a connection. Number of open connections: 1
[NX Daemon Server] - 2024-09-10T08:31:20.675Z - [REQUEST]: Responding to the client. Shutdown initiated
[NX Daemon Server] - 2024-09-10T08:31:20.676Z - Done responding to the client Shutdown initiated
[NX Daemon Server] - 2024-09-10T08:31:20.676Z - Handled FORCE_SHUTDOWN. Handling time: 1. Response time: 1.
[NX Daemon Server] - 2024-09-10T08:31:20.677Z - Closed a connection. Number of open connections: 0
[NX Daemon Server] - 2024-09-10T08:31:20.677Z - [WATCHER]: Stopping the watcher for D:\projects\open-api (sources)
[NX Daemon Server] - 2024-09-10T08:31:20.677Z - [WATCHER]: Stopping the watcher for D:\projects\open-api (outputs)
[NX Daemon Server] - 2024-09-10T08:31:24.233Z - Started listening on: \\.\pipe\nx\C:\Users\Wicky\AppData\Local\Temp\289f4f46b823a06d1a4f\d.sock
[NX Daemon Server] - 2024-09-10T08:31:24.237Z - [WATCHER]: Subscribed to changes within: D:\projects\open-api (native)
[NX Daemon Server] - 2024-09-10T08:31:24.245Z - Established a connection. Number of open connections: 1
[NX Daemon Server] - 2024-09-10T08:31:24.248Z - Closed a connection. Number of open connections: 0
[NX Daemon Server] - 2024-09-10T08:31:24.248Z - Established a connection. Number of open connections: 1
[NX Daemon Server] - 2024-09-10T08:31:24.251Z - [REQUEST]: Responding to the client. Shutdown initiated
[NX Daemon Server] - 2024-09-10T08:31:24.252Z - Done responding to the client Shutdown initiated
[NX Daemon Server] - 2024-09-10T08:31:24.253Z - Handled FORCE_SHUTDOWN. Handling time: 0. Response time: 2.
[NX Daemon Server] - 2024-09-10T08:31:24.253Z - Closed a connection. Number of open connections: 0
[NX Daemon Server] - 2024-09-10T08:31:24.253Z - [WATCHER]: Stopping the watcher for D:\projects\open-api (sources)
[NX Daemon Server] - 2024-09-10T08:31:24.253Z - [WATCHER]: Stopping the watcher for D:\projects\open-api (outputs)
[NX Daemon Server] - 2024-09-10T08:31:58.755Z - Started listening on: \\.\pipe\nx\C:\Users\Wicky\AppData\Local\Temp\289f4f46b823a06d1a4f\d.sock
[NX Daemon Server] - 2024-09-10T08:31:58.762Z - [WATCHER]: Subscribed to changes within: D:\projects\open-api (native)
[NX Daemon Server] - 2024-09-10T08:31:58.765Z - Established a connection. Number of open connections: 1
[NX Daemon Server] - 2024-09-10T08:31:58.766Z - Established a connection. Number of open connections: 2
[NX Daemon Server] - 2024-09-10T08:31:58.768Z - Closed a connection. Number of open connections: 1
[NX Daemon Server] - 2024-09-10T08:31:58.771Z - [REQUEST]: Responding to the client. Shutdown initiated
[NX Daemon Server] - 2024-09-10T08:31:58.772Z - Done responding to the client Shutdown initiated
[NX Daemon Server] - 2024-09-10T08:31:58.772Z - Handled FORCE_SHUTDOWN. Handling time: 0. Response time: 1.
[NX Daemon Server] - 2024-09-10T08:31:58.773Z - Closed a connection. Number of open connections: 0
[NX Daemon Server] - 2024-09-10T08:31:58.773Z - [WATCHER]: Stopping the watcher for D:\projects\open-api (sources)
[NX Daemon Server] - 2024-09-10T08:31:58.774Z - [WATCHER]: Stopping the watcher for D:\projects\open-api (outputs)
[NX Daemon Server] - 2024-09-10T08:37:44.683Z - Started listening on: \\.\pipe\nx\C:\Users\Wicky\AppData\Local\Temp\289f4f46b823a06d1a4f\d.sock
[NX Daemon Server] - 2024-09-10T08:37:44.687Z - [WATCHER]: Subscribed to changes within: D:\projects\open-api (native)
[NX Daemon Server] - 2024-09-10T08:37:44.692Z - Established a connection. Number of open connections: 1
[NX Daemon Server] - 2024-09-10T08:37:44.693Z - Established a connection. Number of open connections: 2
[NX Daemon Server] - 2024-09-10T08:37:44.697Z - Closed a connection. Number of open connections: 1
[NX Daemon Server] - 2024-09-10T08:37:44.699Z - [REQUEST]: Responding to the client. Shutdown initiated
[NX Daemon Server] - 2024-09-10T08:37:44.699Z - Done responding to the client Shutdown initiated
[NX Daemon Server] - 2024-09-10T08:37:44.699Z - Handled FORCE_SHUTDOWN. Handling time: 1. Response time: 0.
[NX Daemon Server] - 2024-09-10T08:37:44.700Z - Closed a connection. Number of open connections: 0
[NX Daemon Server] - 2024-09-10T08:37:44.701Z - [WATCHER]: Stopping the watcher for D:\projects\open-api (sources)
[NX Daemon Server] - 2024-09-10T08:37:44.702Z - [WATCHER]: Stopping the watcher for D:\projects\open-api (outputs)
[NX Daemon Server] - 2024-09-10T08:39:29.915Z - Started listening on: \\.\pipe\nx\C:\Users\Wicky\AppData\Local\Temp\289f4f46b823a06d1a4f\d.sock
[NX Daemon Server] - 2024-09-10T08:39:29.920Z - [WATCHER]: Subscribed to changes within: D:\projects\open-api (native)
[NX Daemon Server] - 2024-09-10T08:39:29.932Z - Established a connection. Number of open connections: 1
[NX Daemon Server] - 2024-09-10T08:39:29.934Z - Closed a connection. Number of open connections: 0
[NX Daemon Server] - 2024-09-10T08:39:29.935Z - Established a connection. Number of open connections: 1
[NX Daemon Server] - 2024-09-10T08:39:29.938Z - [REQUEST]: Client Request for Project Graph Received
[NX Daemon Server] - 2024-09-10T08:39:30.243Z - [REQUEST]: Updated workspace context based on watched changes, recomputing project graph...
[NX Daemon Server] - 2024-09-10T08:39:30.243Z - [REQUEST]: 
[NX Daemon Server] - 2024-09-10T08:39:30.244Z - [REQUEST]: 
[NX Daemon Server] - 2024-09-10T08:39:30.262Z - Time taken for 'loadNxPlugins' 281.8734ms

 NX   Using `implicitDependencies` for global implicit dependencies configuration is no longer supported.

Use "namedInputs" instead. You can run "nx repair" to automatically migrate your configuration.
For more information about the usage of "namedInputs" see https://nx.dev/deprecated/global-implicit-dependencies#global-implicit-dependencies

[NX Daemon Server] - 2024-09-10T08:39:47.452Z - Time taken for 'build-project-configs' 17171.1175ms
[NX Daemon Server] - 2024-09-10T08:39:47.544Z - [SYNC]: collect registered sync generators
[NX Daemon Server] - 2024-09-10T08:39:47.545Z - [REQUEST]: Responding to the client. project-graph
[NX Daemon Server] - 2024-09-10T08:39:47.547Z - Time taken for 'total for creating and serializing project graph' 17607.3675ms
[NX Daemon Server] - 2024-09-10T08:39:47.547Z - Done responding to the client project-graph
[NX Daemon Server] - 2024-09-10T08:39:47.547Z - Handled REQUEST_PROJECT_GRAPH. Handling time: 17608. Response time: 2.
[NX Daemon Server] - 2024-09-10T08:39:50.020Z - Closed a connection. Number of open connections: 0
[NX Daemon Server] - 2024-09-10T08:39:50.036Z - [WATCHER]: 0 file(s) created or restored, 18 file(s) modified, 1 file(s) deleted
[NX Daemon Server] - 2024-09-10T08:39:50.037Z - [WATCHER]: Processing file changes in outputs
[NX Daemon Server] - 2024-09-10T08:39:50.157Z - [REQUEST]: Updated workspace context based on watched changes, recomputing project graph...
[NX Daemon Server] - 2024-09-10T08:39:50.157Z - [REQUEST]: libs/api-fetch/project.json,libs/api-php/project.json,libs/api-netcore/project.json,libs/api-swift5/project.json,apps/api/flowaccount-webhook/project.json,libs/api-typescript-angular/project.json,libs/api-ruby/project.json,libs/api-dotnet/project.json,libs/api-typescript-node/project.json,libs/api-go/project.json,apps/api/flowaccount-workshop/project.json,libs/api-typescript-rxjs/project.json,libs/api-docs/project.json,libs/api-python/project.json,libs/api-typescript-axios/project.json,libs/api-spec/project.json,apps/ecs-cluster/project.json,libs/api-kotlin/project.json
[NX Daemon Server] - 2024-09-10T08:39:50.157Z - [REQUEST]: workspace.json
[NX Daemon Server] - 2024-09-10T08:39:50.170Z - Time taken for 'hash changed files from watcher' 14.917199999999866ms

 NX   Using `implicitDependencies` for global implicit dependencies configuration is no longer supported.

Use "namedInputs" instead. You can run "nx repair" to automatically migrate your configuration.
For more information about the usage of "namedInputs" see https://nx.dev/deprecated/global-implicit-dependencies#global-implicit-dependencies

[NX Daemon Server] - 2024-09-10T08:39:50.473Z - Time taken for 'build-project-configs' 297.7371999999996ms
[NX Daemon Server] - 2024-09-10T08:39:51.431Z - [SYNC]: collect registered sync generators
[NX Daemon Server] - 2024-09-10T08:39:51.432Z - [SYNC]: nx.json hash is the same, not collecting global sync generators
[NX Daemon Server] - 2024-09-10T08:39:51.432Z - Time taken for 'total execution time for createProjectGraph()' 954.3068999999996ms
[NX Daemon Server] - 2024-09-10T08:41:35.879Z - [WATCHER]: Processing file changes in outputs
[NX Daemon Server] - 2024-09-10T08:41:35.881Z - [WATCHER]: apps/ecs-cluster/README.md was modified
[NX Daemon Server] - 2024-09-10T08:41:36.105Z - [REQUEST]: Updated workspace context based on watched changes, recomputing project graph...
[NX Daemon Server] - 2024-09-10T08:41:36.106Z - [REQUEST]: apps/ecs-cluster/README.md
[NX Daemon Server] - 2024-09-10T08:41:36.106Z - [REQUEST]: 
[NX Daemon Server] - 2024-09-10T08:41:36.123Z - Time taken for 'hash changed files from watcher' 20.49550000000454ms

 NX   Using `implicitDependencies` for global implicit dependencies configuration is no longer supported.

Use "namedInputs" instead. You can run "nx repair" to automatically migrate your configuration.
For more information about the usage of "namedInputs" see https://nx.dev/deprecated/global-implicit-dependencies#global-implicit-dependencies

[NX Daemon Server] - 2024-09-10T08:41:36.194Z - Time taken for 'build-project-configs' 42.90649999999732ms
[NX Daemon Server] - 2024-09-10T08:41:36.286Z - [SYNC]: collect registered sync generators
[NX Daemon Server] - 2024-09-10T08:41:36.287Z - [SYNC]: project graph hash is the same, not collecting task sync generators
[NX Daemon Server] - 2024-09-10T08:41:36.287Z - [SYNC]: nx.json hash is the same, not collecting global sync generators
[NX Daemon Server] - 2024-09-10T08:41:36.288Z - Time taken for 'total execution time for createProjectGraph()' 76.96499999999651ms
